# Logfile created on Fri Jan 23 14:55:37 -0600 2009Rendered _box_includes (0.00008)
Rendered _box_header (0.00002)
Rendered _box_disabled (0.00001)
Rendered _box (0.01104)
Rendered _box_includes (0.00016)
Rendered _box_header (0.00004)
Rendered _box_disabled (0.00002)
Rendered _box (0.00179)
Rendered layouts/_flash_message (0.00006)
Rendered _box_includes (0.00014)
Rendered _box_header (0.00003)
Rendered _box_disabled (0.00001)
Rendered _box (0.00097)
Rendered _box_includes (0.00014)
Rendered _box_header (0.00003)
Rendered _box_disabled (0.00002)
Rendered _box (0.00097)
Rendered layouts/_flash_message (0.00003)
Rendered _box_includes (0.00009)
Rendered _box_header (0.00002)
Rendered _box_disabled (0.00001)
Rendered _box (0.00063)
Rendered _box_includes (0.00010)
Rendered _box_header (0.00002)
Rendered _box_disabled (0.00001)
Rendered _box (0.00063)
Rendered home/_device_summary_header (0.00011)
Rendered home/_group_rows (0.09414)
Rendered layouts/includes/_map_key (0.00005)
Rendered layouts/includes/_header (0.00009)
Rendered layouts/includes/_footer (0.00002)
Rendered _box_includes (0.00009)
Rendered _box_header (0.00002)
Rendered _box_disabled (0.00001)
Rendered _box (0.00066)
Rendered layouts/includes/_admin_header (0.01743)
Rendered layouts/includes/_footer (0.00002)
Rendered _box_includes (0.00016)
Rendered _box_header (0.00003)
Rendered _box_disabled (0.00002)
Rendered _box (0.00112)
Rendered layouts/_flash_message (0.00003)
Rendered layouts/includes/_admin_header (0.00770)
Rendered layouts/includes/_footer (0.00002)
Rendered _box_includes (0.00009)
Rendered _box_header (0.00002)
Rendered _box_disabled (0.00001)
Rendered _box (0.00065)
Rendered layouts/_flash_message (0.00002)
Rendered admin/accounts/_account_form (0.00214)
Rendered layouts/includes/_admin_header (0.00488)
Rendered layouts/includes/_footer (0.00001)
Rendered _box_includes (0.00009)
Rendered _box_header (0.00002)
Rendered _box_disabled (0.00001)
Rendered _box (0.00059)
Rendered _box_includes (0.00011)
Rendered _box_header (0.00003)
Rendered _box_disabled (0.00001)
Rendered _box (0.00081)
Rendered layouts/_flash_message (0.00003)
Rendered admin/accounts/_account_form (0.00189)
Rendered layouts/includes/_admin_header (0.07552)
Rendered layouts/includes/_footer (0.00002)
Rendered _box_includes (0.00009)
Rendered _box_header (0.00002)
Rendered _box_disabled (0.00001)
Rendered _box (0.00062)
Rendered _box_includes (0.00009)
Rendered _box_header (0.00002)
Rendered _box_disabled (0.00001)
Rendered _box (0.00060)
Rendered layouts/_flash_message (0.00002)
Rendered layouts/includes/_admin_header (0.00517)
Rendered layouts/includes/_footer (0.00001)
Rendered _box_includes (0.00009)
Rendered _box_header (0.00002)
Rendered _box_disabled (0.00001)
Rendered _box (0.00060)
Rendered home/_device_summary_header (0.00011)
Rendered home/_group_rows (0.12657)
Rendered layouts/includes/_map_key (0.00002)
Rendered layouts/includes/_header (0.00005)
Rendered layouts/includes/_footer (0.00001)
Rendered _box_includes (0.00011)
Rendered _box_header (0.00002)
Rendered _box_disabled (0.00001)
Rendered _box (0.00065)
Rendered home/_device_summary_header (0.00016)
Rendered home/_group_rows (0.17412)
Rendered layouts/includes/_map_key (0.00004)
Rendered layouts/includes/_header (0.00006)
Rendered layouts/includes/_footer (0.00001)
Rendered _box_includes (0.00009)
Rendered _box_header (0.00002)
Rendered _box_disabled (0.00001)
Rendered _box (0.00063)
Rendered home/_device_summary_header (0.00012)
Rendered home/_group_rows (0.19108)
Rendered layouts/includes/_map_key (0.00002)
Rendered layouts/includes/_header (0.00006)
Rendered layouts/includes/_footer (0.00001)
Rendered _box_includes (0.00009)
Rendered _box_header (0.00002)
Rendered _box_disabled (0.00001)
Rendered _box (0.00061)
Rendered layouts/_flash_message (0.00002)
Rendered layouts/includes/_map_key (0.00004)
Rendered layouts/includes/_header (0.00008)
Rendered layouts/includes/_footer (0.00002)
Rendered _box_includes (0.00009)
Rendered _box_header (0.00002)
Rendered _box_disabled (0.00001)
Rendered _box (0.00065)
Rendered layouts/_flash_message (0.00002)
Rendered layouts/includes/_map_key (0.00003)
Rendered layouts/includes/_header (0.00009)
Rendered layouts/includes/_footer (0.00002)
Rendered _box_includes (0.00014)
Rendered _box_header (0.00003)
Rendered _box_disabled (0.00002)
Rendered _box (0.00109)
Rendered layouts/_flash_message (0.00002)
Rendered layouts/includes/_map_key (0.00002)
Rendered layouts/includes/_header (0.00006)
Rendered layouts/includes/_footer (0.00001)
Rendered _box_includes (0.00009)
Rendered _box_header (0.00002)
Rendered _box_disabled (0.00001)
Rendered _box (0.00067)
Rendered layouts/_flash_message (0.00004)
Rendered layouts/includes/_map_key (0.00002)
Rendered layouts/includes/_header (0.00006)
Rendered layouts/includes/_footer (0.00001)
Rendered _box_includes (0.00008)
Rendered _box_header (0.00002)
Rendered _box_disabled (0.00001)
Rendered _box (0.00059)
Rendered home/_device_summary_header (0.00013)
Rendered home/_group_rows (0.10933)
Rendered layouts/includes/_map_key (0.00002)
Rendered layouts/includes/_header (0.00005)
Rendered layouts/includes/_footer (0.00001)
Rendered _box_includes (0.00008)
Rendered _box_header (0.00002)
Rendered _box_disabled (0.00001)
Rendered _box (0.00060)
Rendered home/_device_summary_header (0.00007)
Rendered home/_group_rows (0.11615)
Rendered layouts/includes/_map_key (0.00002)
Rendered layouts/includes/_header (0.00005)
Rendered layouts/includes/_footer (0.00001)
Rendered _box_includes (0.00008)
Rendered _box_header (0.00002)
Rendered _box_disabled (0.00001)
Rendered _box (0.00064)
Rendered layouts/_flash_message (0.00004)
Rendered layouts/includes/_map_key (0.00003)
Rendered layouts/includes/_header (0.00008)
Rendered layouts/includes/_footer (0.00002)
Rendered _box_includes (0.00010)
Rendered _box_header (0.00002)
Rendered _box_disabled (0.00001)
Rendered _box (0.00069)
Rendered _box_includes (0.00012)
Rendered _box_header (0.00003)
Rendered _box_disabled (0.00001)
Rendered _box (0.00091)
Rendered reports/_report_header (0.00022)
Rendered reports/_report_footer (0.00002)
Rendered layouts/includes/_map_key (0.00003)
Rendered layouts/includes/_header (0.00007)
Rendered layouts/_flash_message (0.00003)
Rendered layouts/includes/_footer (0.00001)
Rendered _box_includes (0.00009)
Rendered _box_header (0.00002)
Rendered _box_disabled (0.00001)
Rendered _box (0.00063)
Rendered reports/_report_header (0.00020)
Rendered reports/_report_footer (0.00003)
Rendered layouts/includes/_map_key (0.00004)
Rendered layouts/includes/_header (0.00009)
Rendered layouts/_flash_message (0.00002)
Rendered layouts/includes/_footer (0.00001)
Rendered _box_includes (0.00010)
Rendered _box_header (0.00002)
Rendered _box_disabled (0.00001)
Rendered _box (0.00064)
Rendered home/_device_summary_header (0.00014)
Rendered home/_group_rows (0.10889)
Rendered layouts/includes/_map_key (0.00002)
Rendered layouts/includes/_header (0.00005)
Rendered layouts/includes/_footer (0.00002)
Rendered _box_includes (0.00009)
Rendered _box_header (0.00002)
Rendered _box_disabled (0.00002)
Rendered _box (0.00063)
Rendered home/_device_summary_header (0.00009)
Rendered home/_group_rows (0.20245)
Rendered layouts/includes/_map_key (0.00002)
Rendered layouts/includes/_header (0.00006)
Rendered layouts/includes/_footer (0.00001)
Rendered _box_includes (0.00009)
Rendered _box_header (0.00002)
Rendered _box_disabled (0.00001)
Rendered _box (0.00064)
Rendered reports/_report_header (0.00026)
Rendered reports/_report_footer (0.00003)
Rendered layouts/includes/_map_key (0.00003)
Rendered layouts/includes/_header (0.00008)
Rendered layouts/_flash_message (0.00003)
Rendered layouts/includes/_footer (0.00002)
Rendered _box_includes (0.00013)
Rendered _box_header (0.00003)
Rendered _box_disabled (0.00002)
Rendered _box (0.00090)
Rendered home/_device_summary_header (0.00011)
Rendered home/_group_rows (0.09907)
Rendered layouts/includes/_map_key (0.00003)
Rendered layouts/includes/_header (0.00005)
Rendered layouts/includes/_footer (0.00001)
Rendered _box_includes (0.00008)
Rendered _box_header (0.00002)
Rendered _box_disabled (0.00001)
Rendered _box (0.00059)
Rendered home/_device_summary_header (0.00007)
Rendered home/_group_rows (0.19678)
Rendered layouts/includes/_map_key (0.00003)
Rendered layouts/includes/_header (0.00006)
Rendered layouts/includes/_footer (0.00001)
Rendered _box_includes (0.00009)
Rendered _box_header (0.00002)
Rendered _box_disabled (0.00001)
Rendered _box (0.00065)
Rendered layouts/_flash_message (0.00003)
Rendered layouts/includes/_map_key (0.00002)
Rendered layouts/includes/_header (0.00007)
Rendered layouts/includes/_footer (0.00002)
Rendered _box_includes (0.00008)
Rendered _box_header (0.00002)
Rendered _box_disabled (0.00001)
Rendered _box (0.00061)
Rendered reports/_report_header (0.00031)
Rendered reports/_report_footer (0.00002)
Rendered layouts/includes/_map_key (0.00002)
Rendered layouts/includes/_header (0.00006)
Rendered layouts/_flash_message (0.00003)
Rendered layouts/includes/_footer (0.00004)
Rendered _box_includes (0.00010)
Rendered _box_header (0.00002)
Rendered _box_disabled (0.00001)
Rendered _box (0.00067)
Rendered layouts/_flash_message (0.00003)
Rendered layouts/includes/_map_key (0.00003)
Rendered layouts/includes/_header (0.00010)
Rendered layouts/includes/_footer (0.00002)
Rendered _box_includes (0.00013)
Rendered _box_header (0.00002)
Rendered _box_disabled (0.00001)
Rendered _box (0.00089)
Rendered reports/_report_header (0.00328)
Rendered reports/_event_display (0.00010)
Rendered reports/_event_display (0.00007)
Rendered reports/_event_display (0.00007)
Rendered reports/_event_display (0.00003)
Rendered reports/_event_display (0.00007)
Rendered reports/_event_display (0.00007)
Rendered reports/_event_display (0.00007)
Rendered reports/_event_display (0.00006)
Rendered reports/_event_display (0.00007)
Rendered reports/_event_display (0.00006)
Rendered reports/_event_display (0.00007)
Rendered reports/_event_display (0.00008)
Rendered reports/_event_display (0.00007)
Rendered reports/_event_display (0.00002)
Rendered reports/_event_display (0.00038)
Rendered reports/_report_footer (0.00002)
Rendered layouts/includes/_map_key (0.00002)
Rendered layouts/includes/_header (0.00006)
Rendered layouts/_flash_message (0.00002)
Rendered layouts/includes/_footer (0.00002)
Rendered _box_includes (0.00009)
Rendered _box_header (0.00002)
Rendered _box_disabled (0.00001)
Rendered _box (0.00067)
Rendered layouts/_flash_message (0.00003)
Rendered layouts/includes/_map_key (0.00003)
Rendered layouts/includes/_header (0.00009)
Rendered layouts/includes/_footer (0.00002)
Rendered _box_includes (0.00129)
Rendered _box_header (0.00004)
Rendered _box_disabled (0.00001)
Rendered _box (0.00225)
Rendered layouts/_flash_message (0.00002)
Rendered layouts/includes/_map_key (0.00002)
Rendered layouts/includes/_header (0.00006)
Rendered layouts/includes/_footer (0.00001)
Rendered _box_includes (0.00009)
Rendered _box_header (0.00002)
Rendered _box_disabled (0.00001)
Rendered _box (0.00063)
Rendered layouts/_flash_message (0.00003)
Rendered layouts/includes/_map_key (0.00002)
Rendered layouts/includes/_header (0.00006)
Rendered layouts/includes/_footer (0.00001)
Rendered _box_includes (0.00008)
Rendered _box_header (0.00002)
Rendered _box_disabled (0.00001)
Rendered _box (0.00058)
Rendered layouts/_flash_message (0.00002)
Rendered layouts/includes/_map_key (0.00002)
Rendered layouts/includes/_header (0.00006)
Rendered layouts/includes/_footer (0.00001)
Rendered _box_includes (0.00008)
Rendered _box_header (0.00002)
Rendered _box_disabled (0.00001)
Rendered _box (0.00059)
Rendered layouts/_flash_message (0.00004)
Rendered layouts/includes/_map_key (0.00002)
Rendered layouts/includes/_header (0.00006)
Rendered layouts/includes/_footer (0.00002)
Rendered _box_includes (0.00009)
Rendered _box_header (0.00002)
Rendered _box_disabled (0.00001)
Rendered _box (0.00068)
Rendered layouts/_flash_message (0.00002)
Rendered layouts/includes/_map_key (0.00002)
Rendered layouts/includes/_header (0.00006)
Rendered layouts/includes/_footer (0.00001)
Rendered _box_includes (0.00010)
Rendered _box_header (0.00005)
Rendered _box_disabled (0.00001)
Rendered _box (0.00077)
Rendered home/_device_summary_header (0.00011)
Rendered home/_group_rows (0.10755)
Rendered layouts/includes/_map_key (0.00002)
Rendered layouts/includes/_header (0.00005)
Rendered layouts/includes/_footer (0.00002)
Rendered _box_includes (0.00009)
Rendered _box_header (0.00002)
Rendered _box_disabled (0.00001)
Rendered _box (0.00060)
Rendered home/_device_summary_header (0.00008)
Rendered home/_group_rows (0.12268)
Rendered layouts/includes/_map_key (0.00002)
Rendered layouts/includes/_header (0.00006)
Rendered layouts/includes/_footer (0.00002)
Rendered _box_includes (0.00009)
Rendered _box_header (0.00002)
Rendered _box_disabled (0.00001)
Rendered _box (0.00065)
Rendered layouts/_flash_message (0.00002)
Rendered layouts/includes/_map_key (0.00002)
Rendered layouts/includes/_header (0.00006)
Rendered layouts/includes/_footer (0.00001)
Rendered _box_includes (0.00010)
Rendered _box_header (0.00002)
Rendered _box_disabled (0.00001)
Rendered _box (0.00065)
Rendered layouts/_flash_message (0.00002)
Rendered layouts/includes/_map_key (0.00002)
Rendered layouts/includes/_header (0.00006)
Rendered layouts/includes/_footer (0.00001)
Rendered _box_includes (0.00008)
Rendered _box_header (0.00002)
Rendered _box_disabled (0.00001)
Rendered _box (0.00065)
Rendered _box_includes (0.00009)
Rendered _box_header (0.00002)
Rendered _box_disabled (0.00001)
Rendered _box (0.00072)
Rendered reports/_report_header (0.00044)
Rendered reports/_report_footer (0.00002)
Rendered layouts/includes/_map_key (0.00002)
Rendered layouts/includes/_header (0.00006)
Rendered layouts/_flash_message (0.00003)
Rendered layouts/includes/_footer (0.00001)
Rendered _box_includes (0.00009)
Rendered _box_header (0.00002)
Rendered _box_disabled (0.00001)
Rendered _box (0.00063)
Rendered layouts/_flash_message (0.00003)
Rendered layouts/includes/_map_key (0.00002)
Rendered layouts/includes/_header (0.00006)
Rendered layouts/includes/_footer (0.00001)
Rendered _box_includes (0.00008)
Rendered _box_header (0.00002)
Rendered _box_disabled (0.00001)
Rendered _box (0.00066)
Rendered _box_includes (0.00014)
Rendered _box_header (0.00003)
Rendered _box_disabled (0.00002)
Rendered _box (0.00100)
Rendered reports/_report_header (0.00022)
Rendered reports/_report_footer (0.00003)
Rendered layouts/includes/_map_key (0.00003)
Rendered layouts/includes/_header (0.00008)
Rendered layouts/_flash_message (0.00003)
Rendered layouts/includes/_footer (0.00001)
Rendered _box_includes (0.00009)
Rendered _box_header (0.00002)
Rendered _box_disabled (0.00001)
Rendered _box (0.00065)
Rendered layouts/_flash_message (0.00002)
Rendered layouts/includes/_map_key (0.00002)
Rendered layouts/includes/_header (0.00006)
Rendered layouts/includes/_footer (0.00001)
Rendered _box_includes (0.00009)
Rendered _box_header (0.00002)
Rendered _box_disabled (0.00001)
Rendered _box (0.00063)
Rendered layouts/_flash_message (0.00002)
Rendered layouts/includes/_map_key (0.00003)
Rendered layouts/includes/_header (0.00010)
Rendered layouts/includes/_footer (0.00002)
Rendered _box_includes (0.00014)
Rendered _box_header (0.00002)
Rendered _box_disabled (0.00001)
Rendered _box (0.00089)
Rendered layouts/_flash_message (0.00004)
Rendered layouts/includes/_map_key (0.00002)
Rendered layouts/includes/_header (0.00006)
Rendered layouts/includes/_footer (0.00001)
Rendered _box_includes (0.00009)
Rendered _box_header (0.00002)
Rendered _box_disabled (0.00001)
Rendered _box (0.00060)
Rendered layouts/_flash_message (0.00002)
Rendered layouts/includes/_map_key (0.00002)
Rendered layouts/includes/_header (0.00006)
Rendered layouts/includes/_footer (0.00001)
Rendered _box_includes (0.00015)
Rendered _box_header (0.00002)
Rendered _box_disabled (0.00001)
Rendered _box (0.00066)
Rendered layouts/_flash_message (0.00002)
Rendered layouts/includes/_map_key (0.00003)
Rendered layouts/includes/_header (0.00007)
Rendered layouts/includes/_footer (0.00001)
Rendered _box_includes (0.00009)
Rendered _box_header (0.00002)
Rendered _box_disabled (0.00001)
Rendered _box (0.00066)
Rendered layouts/_flash_message (0.00004)
Rendered layouts/includes/_map_key (0.00003)
Rendered layouts/includes/_header (0.00010)
Rendered layouts/includes/_footer (0.00002)
Rendered _box_includes (0.00014)
Rendered _box_header (0.00003)
Rendered _box_disabled (0.00002)
Rendered _box (0.00102)
Rendered layouts/_flash_message (0.00003)
Rendered layouts/includes/_map_key (0.00004)
Rendered layouts/includes/_header (0.00010)
Rendered layouts/includes/_footer (0.00002)
Rendered _box_includes (0.00011)
Rendered _box_header (0.00002)
Rendered _box_disabled (0.00001)
Rendered _box (0.00083)
Rendered _box_includes (0.00013)
Rendered _box_header (0.00002)
Rendered _box_disabled (0.00001)
Rendered _box (0.00107)
Rendered reports/_report_header (0.00045)
Rendered reports/_report_footer (0.00003)
Rendered layouts/includes/_map_key (0.00003)
Rendered layouts/includes/_header (0.00009)
Rendered layouts/_flash_message (0.00003)
Rendered layouts/includes/_footer (0.00001)
Rendered _box_includes (0.00009)
Rendered _box_header (0.00002)
Rendered _box_disabled (0.00001)
Rendered _box (0.00066)
Rendered layouts/_flash_message (0.00003)
Rendered layouts/includes/_map_key (0.00002)
Rendered layouts/includes/_header (0.00007)
Rendered layouts/includes/_footer (0.00001)
Rendered _box_includes (0.00009)
Rendered _box_header (0.00002)
Rendered _box_disabled (0.00001)
Rendered _box (0.00065)
Rendered layouts/_flash_message (0.00003)
Rendered layouts/includes/_map_key (0.00003)
Rendered layouts/includes/_header (0.00012)
Rendered layouts/includes/_footer (0.00002)
Rendered _box_includes (0.00008)
Rendered _box_header (0.00002)
Rendered _box_disabled (0.00001)
Rendered _box (0.00059)
Rendered _box_includes (0.00011)
Rendered _box_header (0.00002)
Rendered _box_disabled (0.00001)
Rendered _box (0.00080)
Rendered reports/_report_header (0.00022)
Rendered reports/_report_footer (0.00003)
Rendered layouts/includes/_map_key (0.00003)
Rendered layouts/includes/_header (0.00008)
Rendered layouts/_flash_message (0.00003)
Rendered layouts/includes/_footer (0.00001)
Rendered _box_includes (0.00009)
Rendered _box_header (0.00002)
Rendered _box_disabled (0.00001)
Rendered _box (0.00064)
Rendered layouts/_flash_message (0.00003)
Rendered layouts/includes/_map_key (0.00002)
Rendered layouts/includes/_header (0.00006)
Rendered layouts/includes/_footer (0.00001)
Rendered _box_includes (0.00011)
Rendered _box_header (0.00002)
Rendered _box_disabled (0.00001)
Rendered _box (0.00067)
Rendered layouts/_flash_message (0.00002)
Rendered layouts/includes/_map_key (0.00003)
Rendered layouts/includes/_header (0.00008)
Rendered layouts/includes/_footer (0.00001)
Rendered _box_includes (0.00009)
Rendered _box_header (0.00002)
Rendered _box_disabled (0.00001)
Rendered _box (0.00064)
Rendered layouts/_flash_message (0.00003)
Rendered layouts/includes/_map_key (0.00003)
Rendered layouts/includes/_header (0.00006)
Rendered layouts/includes/_footer (0.00001)
Rendered _box_includes (0.00008)
Rendered _box_header (0.00003)
Rendered _box_disabled (0.00001)
Rendered _box (0.00068)
Rendered layouts/_flash_message (0.00003)
Rendered layouts/includes/_map_key (0.00002)
Rendered layouts/includes/_header (0.00007)
Rendered layouts/includes/_footer (0.00001)
Rendered _box_includes (0.00009)
Rendered _box_header (0.00002)
Rendered _box_disabled (0.00001)
Rendered _box (0.00067)
Rendered layouts/_flash_message (0.00005)
Rendered layouts/includes/_map_key (0.00002)
Rendered layouts/includes/_header (0.00006)
Rendered layouts/includes/_footer (0.00001)
Rendered _box_includes (0.00008)
Rendered _box_header (0.00002)
Rendered _box_disabled (0.00001)
Rendered _box (0.00060)
Rendered layouts/_flash_message (0.00003)
Rendered layouts/includes/_map_key (0.00002)
Rendered layouts/includes/_header (0.00006)
Rendered layouts/includes/_footer (0.00001)
Rendered _box_includes (0.00009)
Rendered _box_header (0.00002)
Rendered _box_disabled (0.00001)
Rendered _box (0.00062)
Rendered layouts/_flash_message (0.00003)
Rendered layouts/includes/_map_key (0.00003)
Rendered layouts/includes/_header (0.00007)
Rendered layouts/includes/_footer (0.00001)
Rendered _box_includes (0.00009)
Rendered _box_header (0.00002)
Rendered _box_disabled (0.00004)
Rendered _box (0.00072)
Rendered layouts/_flash_message (0.00002)
Rendered _box_includes (0.00008)
Rendered _box_header (0.00002)
Rendered _box_disabled (0.00001)
Rendered _box (0.00811)
Rendered _box_includes (0.00010)
Rendered _box_header (0.00002)
Rendered _box_disabled (0.00002)
Rendered _box (0.00081)
Rendered layouts/_flash_message (0.00002)
Rendered _box_includes (0.00009)
Rendered _box_header (0.00002)
Rendered _box_disabled (0.00001)
Rendered _box (0.00058)
Rendered _box_includes (0.00014)
Rendered _box_header (0.00002)
Rendered _box_disabled (0.00001)
Rendered _box (0.00100)
Rendered home/_device_summary_header (0.00008)
Rendered home/_group_rows (0.16187)
Rendered layouts/includes/_map_key (0.00003)
Rendered layouts/includes/_header (0.00005)
Rendered layouts/includes/_footer (0.00001)
Rendered _box_includes (0.00009)
Rendered _box_header (0.00002)
Rendered _box_disabled (0.00001)
Rendered _box (0.00062)
Rendered home/_device_summary_header (0.00010)
Rendered home/_group_rows (0.20228)
Rendered layouts/includes/_map_key (0.00003)
Rendered layouts/includes/_header (0.00006)
Rendered layouts/includes/_footer (0.00002)
Rendered _box_includes (0.00009)
Rendered _box_header (0.00002)
Rendered _box_disabled (0.00001)
Rendered _box (0.00061)
Rendered reports/_report_header (0.00021)
Rendered reports/_report_footer (0.00002)
Rendered layouts/includes/_map_key (0.00003)
Rendered layouts/includes/_header (0.00007)
Rendered layouts/_flash_message (0.00002)
Rendered layouts/includes/_footer (0.00002)
Rendered _box_includes (0.00010)
Rendered _box_header (0.00002)
Rendered _box_disabled (0.00001)
Rendered _box (0.00062)
Rendered layouts/_flash_message (0.00003)
Rendered layouts/includes/_map_key (0.00002)
Rendered layouts/includes/_header (0.00007)
Rendered layouts/includes/_footer (0.00001)
Rendered _box_includes (0.00009)
Rendered _box_header (0.00002)
Rendered _box_disabled (0.00001)
Rendered _box (0.00059)
Rendered layouts/_flash_message (0.00003)
Rendered layouts/includes/_map_key (0.00003)
Rendered layouts/includes/_header (0.00008)
Rendered layouts/includes/_footer (0.00002)
Rendered _box_includes (0.00010)
Rendered _box_header (0.00002)
Rendered _box_disabled (0.00001)
Rendered _box (0.00071)
Rendered layouts/_flash_message (0.00002)
Rendered layouts/includes/_map_key (0.00003)
Rendered layouts/includes/_header (0.00006)
Rendered layouts/includes/_footer (0.00001)
Rendered _box_includes (0.00009)
Rendered _box_header (0.00002)
Rendered _box_disabled (0.00001)
Rendered _box (0.00062)
Rendered home/_device_summary_header (0.00007)
Rendered home/_group_rows (0.16169)
Rendered layouts/includes/_map_key (0.00002)
Rendered layouts/includes/_header (0.00006)
Rendered layouts/includes/_footer (0.00001)
Rendered _box_includes (0.00009)
Rendered _box_header (0.00002)
Rendered _box_disabled (0.00001)
Rendered _box (0.00064)
Rendered home/_device_summary_header (0.00010)
Rendered home/_group_rows (0.18673)
Rendered layouts/includes/_map_key (0.00003)
Rendered layouts/includes/_header (0.00006)
Rendered layouts/includes/_footer (0.00002)
Rendered _box_includes (0.00009)
Rendered _box_header (0.00002)
Rendered _box_disabled (0.00001)
Rendered _box (0.00067)
Rendered layouts/_flash_message (0.00003)
Rendered layouts/includes/_map_key (0.00002)
Rendered layouts/includes/_header (0.00006)
Rendered layouts/includes/_footer (0.00001)
Rendered _box_includes (0.00010)
Rendered _box_header (0.00002)
Rendered _box_disabled (0.00001)
Rendered _box (0.00109)
Rendered _box_includes (0.00009)
Rendered _box_header (0.00002)
Rendered _box_disabled (0.00001)
Rendered _box (0.00062)
Rendered reports/_report_header (0.00037)
Rendered reports/_report_footer (0.00002)
Rendered layouts/includes/_map_key (0.00003)
Rendered layouts/includes/_header (0.00007)
Rendered layouts/_flash_message (0.00002)
Rendered layouts/includes/_footer (0.00002)
Rendered _box_includes (0.00010)
Rendered _box_header (0.00002)
Rendered _box_disabled (0.00001)
Rendered _box (0.00067)
Rendered layouts/_flash_message (0.00002)
Rendered layouts/includes/_map_key (0.00003)
Rendered layouts/includes/_header (0.00007)
Rendered layouts/includes/_footer (0.00001)
Rendered _box_includes (0.00009)
Rendered _box_header (0.00002)
Rendered _box_disabled (0.00001)
Rendered _box (0.00066)
Rendered layouts/_flash_message (0.00003)
Rendered layouts/includes/_map_key (0.00003)
Rendered layouts/includes/_header (0.00008)
Rendered layouts/includes/_footer (0.00001)
Rendered _box_includes (0.00009)
Rendered _box_header (0.00002)
Rendered _box_disabled (0.00001)
Rendered _box (0.00061)
Rendered _box_includes (0.00009)
Rendered _box_header (0.00002)
Rendered _box_disabled (0.00001)
Rendered _box (0.00066)
Rendered reports/_report_header (0.00027)
Rendered reports/_report_footer (0.00002)
Rendered layouts/includes/_map_key (0.00002)
Rendered layouts/includes/_header (0.00007)
Rendered layouts/_flash_message (0.00002)
Rendered layouts/includes/_footer (0.00001)
Rendered _box_includes (0.00009)
Rendered _box_header (0.00002)
Rendered _box_disabled (0.00001)
Rendered _box (0.00070)
Rendered layouts/_flash_message (0.00223)
Rendered _box_includes (0.00008)
Rendered _box_header (0.00002)
Rendered _box_disabled (0.00002)
Rendered _box (0.01054)
Rendered _box_includes (0.00009)
Rendered _box_header (0.00002)
Rendered _box_disabled (0.00001)
Rendered _box (0.00068)
Rendered home/_device_summary_header (0.00012)
Rendered home/_group_rows (0.16339)
Rendered layouts/includes/_map_key (0.00004)
Rendered layouts/includes/_header (0.00006)
Rendered layouts/includes/_footer (0.00004)
Rendered _box_includes (0.00015)
Rendered _box_header (0.00003)
Rendered _box_disabled (0.00001)
Rendered _box (0.00102)
Rendered reports/_report_header (0.00202)
Rendered reports/_report_footer (0.00002)
Rendered layouts/includes/_map_key (0.00003)
Rendered layouts/includes/_header (0.00006)
Rendered layouts/_flash_message (0.00003)
Rendered layouts/includes/_footer (0.00002)
Rendered _box_includes (0.00010)
Rendered _box_header (0.00002)
Rendered _box_disabled (0.00001)
Rendered _box (0.00060)
Rendered reports/_report_header (0.00203)
Rendered reports/_report_footer (0.00002)
Rendered layouts/includes/_map_key (0.00002)
Rendered layouts/includes/_header (0.00006)
Rendered layouts/_flash_message (0.00002)
Rendered layouts/includes/_footer (0.00001)
Rendered _box_includes (0.00009)
Rendered _box_header (0.00002)
Rendered _box_disabled (0.00001)
Rendered _box (0.00061)
Rendered reports/_report_header (0.00197)
Rendered reports/_report_footer (0.00002)
Rendered layouts/includes/_map_key (0.00002)
Rendered layouts/includes/_header (0.00006)
Rendered layouts/_flash_message (0.00002)
Rendered layouts/includes/_footer (0.00001)
Rendered _box_includes (0.00009)
Rendered _box_header (0.00002)
Rendered _box_disabled (0.00001)
Rendered _box (0.00060)
Rendered reports/_report_header (0.00205)
Rendered reports/_report_footer (0.00002)
Rendered layouts/includes/_map_key (0.00002)
Rendered layouts/includes/_header (0.00006)
Rendered layouts/_flash_message (0.00003)
Rendered layouts/includes/_footer (0.00002)
Rendered _box_includes (0.00014)
Rendered _box_header (0.00002)
Rendered _box_disabled (0.00001)
Rendered _box (0.00084)
Rendered reports/_report_header (0.00214)
Rendered reports/_report_footer (0.00002)
Rendered layouts/includes/_map_key (0.00002)
Rendered layouts/includes/_header (0.00006)
Rendered layouts/_flash_message (0.00003)
Rendered layouts/includes/_footer (0.00002)
Rendered _box_includes (0.00012)
Rendered _box_header (0.00002)
Rendered _box_disabled (0.00005)
Rendered _box (0.00083)
Rendered reports/_report_header (0.00356)
Rendered reports/_report_footer (0.00002)
Rendered layouts/includes/_map_key (0.00002)
Rendered layouts/includes/_header (0.00006)
Rendered layouts/_flash_message (0.00002)
Rendered layouts/includes/_footer (0.00001)
Rendered _box_includes (0.00010)
Rendered _box_header (0.00002)
Rendered _box_disabled (0.00002)
Rendered _box (0.00075)
Rendered home/_device_summary_header (0.00010)
Rendered home/_group_rows (0.16240)
Rendered layouts/includes/_map_key (0.00002)
Rendered layouts/includes/_header (0.00006)
Rendered layouts/includes/_footer (0.00001)
Rendered _box_includes (0.00009)
Rendered _box_header (0.00002)
Rendered _box_disabled (0.00001)
Rendered _box (0.00059)
Rendered home/_device_summary_header (0.00011)
Rendered home/_group_rows (0.17411)
Rendered layouts/includes/_map_key (0.00002)
Rendered layouts/includes/_header (0.00006)
Rendered layouts/includes/_footer (0.00001)
Rendered _box_includes (0.00009)
Rendered _box_header (0.00002)
Rendered _box_disabled (0.00001)
Rendered _box (0.00062)
Rendered reports/_report_header (0.00359)
Rendered reports/_report_footer (0.00002)
Rendered layouts/includes/_map_key (0.00002)
Rendered layouts/includes/_header (0.00006)
Rendered layouts/_flash_message (0.00002)
Rendered layouts/includes/_footer (0.00001)
Rendered _box_includes (0.00009)
Rendered _box_header (0.00002)
Rendered _box_disabled (0.00001)
Rendered _box (0.00060)
Rendered reports/_report_header (0.00280)
Rendered reports/_event_display (0.00016)
Rendered reports/_event_display (0.00013)
Rendered reports/_event_display (0.00013)
Rendered reports/_event_display (0.00004)
Rendered reports/_event_display (0.00011)
Rendered reports/_event_display (0.00011)
Rendered reports/_event_display (0.00011)
Rendered reports/_event_display (0.00012)
Rendered reports/_event_display (0.00013)
Rendered reports/_event_display (0.00010)
Rendered reports/_event_display (0.00010)
Rendered reports/_event_display (0.00012)
Rendered reports/_event_display (0.00010)
Rendered reports/_event_display (0.00005)
Rendered reports/_event_display (0.00059)
Rendered reports/_report_footer (0.00002)
Rendered layouts/includes/_map_key (0.00003)
Rendered layouts/includes/_header (0.00010)
Rendered layouts/_flash_message (0.00003)
Rendered layouts/includes/_footer (0.00002)
Rendered _box_includes (0.00014)
Rendered _box_header (0.00002)
Rendered _box_disabled (0.00001)
Rendered _box (0.00070)
Rendered reports/_report_header (0.00201)
Rendered reports/_report_footer (0.00002)
Rendered layouts/includes/_map_key (0.00002)
Rendered layouts/includes/_header (0.00006)
Rendered layouts/_flash_message (0.00002)
Rendered layouts/includes/_footer (0.00003)
Rendered _box_includes (0.00011)
Rendered _box_header (0.00002)
Rendered _box_disabled (0.00001)
Rendered _box (0.00074)
Rendered _box_includes (0.00016)
Rendered _box_header (0.00009)
Rendered _box_disabled (0.00003)
Rendered _box (0.01885)
Rendered _box_includes (0.00013)
Rendered _box_header (0.00003)
Rendered _box_disabled (0.00001)
Rendered _box (0.00128)
Rendered layouts/_flash_message (0.00004)
Rendered _box_includes (0.00018)
Rendered _box_header (0.00003)
Rendered _box_disabled (0.00001)
Rendered _box (0.00102)
Rendered _box_includes (0.00013)
Rendered _box_header (0.00002)
Rendered _box_disabled (0.00001)
Rendered _box (0.00068)
Rendered home/_device_summary_header (0.00008)
Rendered home/_group_rows (0.23634)
Rendered layouts/includes/_map_key (0.00006)
Rendered layouts/includes/_header (0.00007)
Rendered layouts/includes/_footer (0.00003)
Rendered _box_includes (0.00014)
Rendered _box_header (0.00002)
Rendered _box_disabled (0.00001)
Rendered _box (0.00082)
Rendered reports/_report_header (0.00374)
Rendered reports/_report_footer (0.00002)
Rendered layouts/includes/_map_key (0.00004)
Rendered layouts/includes/_header (0.00009)
Rendered layouts/_flash_message (0.00003)
Rendered layouts/includes/_footer (0.00009)
Rendered _box_includes (0.00014)
Rendered _box_header (0.00002)
Rendered _box_disabled (0.00001)
Rendered _box (0.00088)
Rendered layouts/_flash_message (0.00003)
Rendered _box_includes (0.00015)
Rendered _box_header (0.00002)
Rendered _box_disabled (0.00001)
Rendered _box (0.00079)
Rendered _box_includes (0.00021)
Rendered _box_header (0.00003)
Rendered _box_disabled (0.00002)
Rendered _box (0.00112)
Rendered home/_device_summary_header (0.00014)
Rendered home/_group_rows (0.09187)
Rendered layouts/includes/_map_key (0.00002)
Rendered layouts/includes/_header (0.00005)
Rendered layouts/includes/_footer (0.00001)
Rendered _box_includes (0.00013)
Rendered _box_header (0.00002)
Rendered _box_disabled (0.00001)
Rendered _box (0.00084)
Rendered reports/_report_header (0.00345)
Rendered reports/_report_footer (0.00002)
Rendered layouts/includes/_map_key (0.00017)
Rendered layouts/includes/_header (0.00006)
Rendered layouts/_flash_message (0.00002)
Rendered layouts/includes/_footer (0.00001)
Rendered _box_includes (0.00013)
Rendered _box_header (0.00002)
Rendered _box_disabled (0.00001)
Rendered _box (0.00063)
Rendered reports/_report_header (0.07537)
Rendered reports/_report_footer (0.00002)
Rendered layouts/includes/_map_key (0.00002)
Rendered layouts/includes/_header (0.00007)
Rendered layouts/_flash_message (0.00003)
Rendered layouts/includes/_footer (0.00002)
Rendered _box_includes (0.00015)
Rendered _box_header (0.00003)
Rendered _box_disabled (0.00001)
Rendered _box (0.00084)
Rendered reports/_report_header (0.00355)
Rendered reports/_event_display (0.00011)
Rendered reports/_event_display (0.00007)
Rendered reports/_event_display (0.00007)
Rendered reports/_event_display (0.00003)
Rendered reports/_event_display (0.00007)
Rendered reports/_event_display (0.00007)
Rendered reports/_event_display (0.00007)
Rendered reports/_event_display (0.00007)
Rendered reports/_event_display (0.00007)
Rendered reports/_event_display (0.00008)
Rendered reports/_event_display (0.00007)
Rendered reports/_event_display (0.00008)
Rendered reports/_event_display (0.00008)
Rendered reports/_event_display (0.00004)
Rendered reports/_event_display (0.00040)
Rendered reports/_report_footer (0.00002)
Rendered layouts/includes/_map_key (0.00002)
Rendered layouts/includes/_header (0.00006)
Rendered layouts/_flash_message (0.00002)
Rendered layouts/includes/_footer (0.00001)
Rendered _box_includes (0.00013)
Rendered _box_header (0.00002)
Rendered _box_disabled (0.00001)
Rendered _box (0.00068)
Rendered reports/_report_header (0.00256)
Rendered reports/_report_footer (0.00003)
Rendered layouts/includes/_map_key (0.00003)
Rendered layouts/includes/_header (0.00020)
Rendered layouts/_flash_message (0.00002)
Rendered layouts/includes/_footer (0.00001)
Rendered _box_includes (0.00008)
Rendered _box_header (0.00002)
Rendered _box_disabled (0.00001)
Rendered _box (0.00823)
Rendered reports/_report_header (0.00365)
Rendered reports/_event_display (0.00010)
Rendered reports/_event_display (0.00007)
Rendered reports/_event_display (0.00007)
Rendered reports/_event_display (0.00003)
Rendered reports/_event_display (0.00007)
Rendered reports/_event_display (0.00008)
Rendered reports/_event_display (0.00007)
Rendered reports/_event_display (0.00007)
Rendered reports/_event_display (0.00007)
Rendered reports/_event_display (0.00007)
Rendered reports/_event_display (0.00007)
Rendered reports/_event_display (0.00008)
Rendered reports/_event_display (0.00007)
Rendered reports/_event_display (0.00003)
Rendered reports/_event_display (0.00042)
Rendered reports/_report_footer (0.00002)
Rendered layouts/includes/_map_key (0.00002)
Rendered layouts/includes/_header (0.00006)
Rendered layouts/_flash_message (0.00002)
Rendered layouts/includes/_footer (0.00002)
Rendered _box_includes (0.00014)
Rendered _box_header (0.00002)
Rendered _box_disabled (0.00001)
Rendered _box (0.00082)
Rendered layouts/_flash_message (0.00005)
Rendered _box_includes (0.00010)
Rendered _box_header (0.00002)
Rendered _box_disabled (0.00001)
Rendered _box (0.01173)
Rendered _box_includes (0.00015)
Rendered _box_header (0.00003)
Rendered _box_disabled (0.00002)
Rendered _box (0.00099)
Rendered home/_device_summary_header (0.00010)
Rendered home/_group_rows (0.17452)
Rendered layouts/includes/_map_key (0.00005)
Rendered layouts/includes/_header (0.00009)
Rendered layouts/includes/_footer (0.00002)
Rendered _box_includes (0.00012)
Rendered _box_header (0.00002)
Rendered _box_disabled (0.00001)
Rendered _box (0.00081)
Rendered layouts/_flash_message (0.00002)
Rendered layouts/includes/_map_key (0.00004)
Rendered layouts/includes/_header (0.00009)
Rendered layouts/includes/_footer (0.00002)
Rendered _box_includes (0.00012)
Rendered _box_header (0.00002)
Rendered _box_disabled (0.00001)
Rendered _box (0.00071)
Rendered layouts/_flash_message (0.00004)
Rendered layouts/includes/_map_key (0.00002)
Rendered layouts/includes/_header (0.00005)
Rendered layouts/includes/_footer (0.00002)
Rendered _box_includes (0.00010)
Rendered _box_header (0.00002)
Rendered _box_disabled (0.00001)
Rendered _box (0.00060)
Rendered layouts/includes/_map_key (0.00003)
Rendered layouts/includes/_header (0.00009)
Rendered layouts/includes/_footer (0.00002)
Rendered _box_includes (0.00012)
Rendered _box_header (0.00002)
Rendered _box_disabled (0.00001)
Rendered _box (0.00067)
Rendered _box_includes (0.00013)
Rendered _box_header (0.00002)
Rendered _box_disabled (0.00001)
Rendered _box (0.00081)
Rendered layouts/_flash_message (0.00003)
Rendered _box_includes (0.00012)
Rendered _box_header (0.00002)
Rendered _box_disabled (0.00001)
Rendered _box (0.00078)
Rendered _box_includes (0.00015)
Rendered _box_header (0.00003)
Rendered _box_disabled (0.00002)
Rendered _box (0.00101)
Rendered home/_device_summary_header (0.00011)
Rendered home/_group_rows (0.16031)
Rendered layouts/includes/_map_key (0.00002)
Rendered layouts/includes/_header (0.00006)
Rendered layouts/includes/_footer (0.00002)
Rendered _box_includes (0.00010)
Rendered _box_header (0.00002)
Rendered _box_disabled (0.00001)
Rendered _box (0.00073)
Rendered layouts/_flash_message (0.00003)
Rendered layouts/includes/_map_key (0.00002)
Rendered layouts/includes/_header (0.00007)
Rendered layouts/includes/_footer (0.00002)
Rendered _box_includes (0.00013)
Rendered _box_header (0.00003)
Rendered _box_disabled (0.00001)
Rendered _box (0.00100)
Rendered layouts/_flash_message (0.00002)
Rendered layouts/includes/_map_key (0.00002)
Rendered layouts/includes/_header (0.00006)
Rendered layouts/includes/_footer (0.00001)
Rendered _box_includes (0.00011)
Rendered _box_header (0.00002)
Rendered _box_disabled (0.00001)
Rendered _box (0.00083)
Rendered layouts/includes/_map_key (0.00002)
Rendered layouts/includes/_header (0.00005)
Rendered layouts/includes/_footer (0.00002)
Rendered _box_includes (0.00010)
Rendered _box_header (0.00002)
Rendered _box_disabled (0.00001)
Rendered _box (0.00062)
Rendered layouts/includes/_map_key (0.00004)
Rendered layouts/includes/_header (0.00007)
Rendered layouts/includes/_footer (0.00001)
Rendered _box_includes (0.00008)
Rendered _box_header (0.00003)
Rendered _box_disabled (0.00001)
Rendered _box (0.00883)
Rendered layouts/includes/_map_key (0.00003)
Rendered layouts/includes/_header (0.00009)
Rendered layouts/includes/_footer (0.00001)
Rendered _box_includes (0.00009)
Rendered _box_header (0.00002)
Rendered _box_disabled (0.00001)
Rendered _box (0.00061)
Rendered layouts/includes/_map_key (0.00003)
Rendered layouts/includes/_header (0.00009)
Rendered layouts/includes/_footer (0.00002)
Rendered _box_includes (0.00013)
Rendered _box_header (0.00002)
Rendered _box_disabled (0.00001)
Rendered _box (0.00078)
Rendered layouts/includes/_map_key (0.00002)
Rendered layouts/includes/_header (0.00006)
Rendered layouts/includes/_footer (0.00002)
Rendered _box_includes (0.00011)
Rendered _box_header (0.00002)
Rendered _box_disabled (0.00001)
Rendered _box (0.00079)
Rendered layouts/includes/_map_key (0.00003)
Rendered layouts/includes/_header (0.00009)
Rendered layouts/includes/_footer (0.00002)
Rendered _box_includes (0.00010)
Rendered _box_header (0.00002)
Rendered _box_disabled (0.00001)
Rendered _box (0.00064)
Rendered layouts/includes/_map_key (0.00003)
Rendered layouts/includes/_header (0.00006)
Rendered layouts/includes/_footer (0.00002)
Rendered _box_includes (0.00018)
Rendered _box_header (0.00002)
Rendered _box_disabled (0.00001)
Rendered _box (0.00087)
Rendered layouts/includes/_map_key (0.00002)
Rendered layouts/includes/_header (0.00006)
Rendered layouts/includes/_footer (0.00001)
Rendered _box_includes (0.00009)
Rendered _box_header (0.00002)
Rendered _box_disabled (0.00001)
Rendered _box (0.00060)
Rendered layouts/includes/_map_key (0.00010)
Rendered layouts/includes/_header (0.00019)
Rendered layouts/includes/_footer (0.00002)
Rendered _box_includes (0.00014)
Rendered _box_header (0.00003)
Rendered _box_disabled (0.00002)
Rendered _box (0.00100)
Rendered layouts/includes/_map_key (0.00002)
Rendered layouts/includes/_header (0.00009)
Rendered layouts/includes/_footer (0.00002)
Rendered _box_includes (0.00011)
Rendered _box_header (0.00002)
Rendered _box_disabled (0.00001)
Rendered _box (0.00074)
Rendered layouts/includes/_map_key (0.00003)
Rendered layouts/includes/_header (0.00006)
Rendered layouts/includes/_footer (0.00002)
Rendered _box_includes (0.00012)
Rendered _box_header (0.00002)
Rendered _box_disabled (0.00001)
Rendered _box (0.00078)
Rendered layouts/includes/_map_key (0.00003)
Rendered layouts/includes/_header (0.00008)
Rendered layouts/includes/_footer (0.00002)
Rendered _box_includes (0.00010)
Rendered _box_header (0.00002)
Rendered _box_disabled (0.00001)
Rendered _box (0.00065)
Rendered layouts/includes/_map_key (0.00005)
Rendered layouts/includes/_header (0.00010)
Rendered layouts/includes/_footer (0.00002)
Rendered _box_includes (0.00012)
Rendered _box_header (0.00003)
Rendered _box_disabled (0.00002)
Rendered _box (0.00141)
Rendered layouts/includes/_map_key (0.00003)
Rendered layouts/includes/_header (0.00006)
Rendered layouts/includes/_footer (0.00002)
Rendered _box_includes (0.00013)
Rendered _box_header (0.00003)
Rendered _box_disabled (0.00002)
Rendered _box (0.00094)
Rendered layouts/includes/_map_key (0.00004)
Rendered layouts/includes/_header (0.00015)
Rendered layouts/includes/_footer (0.00001)
Rendered _box_includes (0.00009)
Rendered _box_header (0.00002)
Rendered _box_disabled (0.00001)
Rendered _box (0.00070)
Rendered layouts/includes/_map_key (0.00004)
Rendered layouts/includes/_header (0.00009)
Rendered layouts/includes/_footer (0.00002)
Rendered _box_includes (0.00011)
Rendered _box_header (0.00002)
Rendered _box_disabled (0.00001)
Rendered _box (0.00071)
Rendered layouts/includes/_map_key (0.00004)
Rendered layouts/includes/_header (0.00009)
Rendered layouts/includes/_footer (0.00002)
Rendered _box_includes (0.00012)
Rendered _box_header (0.00003)
Rendered _box_disabled (0.00002)
Rendered _box (0.00084)
Rendered layouts/_flash_message (0.00002)
Rendered layouts/includes/_map_key (0.00002)
Rendered layouts/includes/_header (0.00007)
Rendered layouts/includes/_footer (0.00002)
Rendered _box_includes (0.00009)
Rendered _box_header (0.00002)
Rendered _box_disabled (0.00001)
Rendered _box (0.00061)
Rendered geofence/_detail (0.00450)
Rendered geofence/_detail (0.00290)
Rendered geofence/_detail (0.00283)
Rendered layouts/includes/_map_key (0.00003)
Rendered layouts/includes/_header (0.00010)
Rendered layouts/includes/_footer (0.00002)
Rendered _box_includes (0.00012)
Rendered _box_header (0.00002)
Rendered _box_disabled (0.00001)
Rendered _box (0.00075)
Rendered layouts/includes/_map_key (0.00002)
Rendered layouts/includes/_header (0.00009)
Rendered layouts/includes/_footer (0.00001)
Rendered _box_includes (0.00009)
Rendered _box_header (0.00002)
Rendered _box_disabled (0.00001)
Rendered _box (0.00061)
Rendered _box_includes (0.00014)
Rendered _box_header (0.00003)
Rendered _box_disabled (0.00002)
Rendered _box (0.00102)
Rendered geofence/_detail (0.00520)
Rendered geofence/_detail (0.00215)
Rendered geofence/_detail (0.00171)
Rendered layouts/includes/_map_key (0.00003)
Rendered layouts/includes/_header (0.00010)
Rendered layouts/includes/_footer (0.00002)
Rendered _box_includes (0.00011)
Rendered _box_header (0.00002)
Rendered _box_disabled (0.00001)
Rendered _box (0.00070)
Rendered layouts/_flash_message (0.00002)
Rendered _box_includes (0.00008)
Rendered _box_header (0.00002)
Rendered _box_disabled (0.00001)
Rendered _box (0.00830)
Rendered _box_includes (0.00036)
Rendered _box_header (0.00002)
Rendered _box_disabled (0.00001)
Rendered _box (0.00105)
Rendered home/_device_summary_header (0.00011)
Rendered home/_group_rows (0.10618)
Rendered layouts/includes/_map_key (0.00002)
Rendered layouts/includes/_header (0.00005)
Rendered layouts/includes/_footer (0.00002)
Rendered _box_includes (0.00017)
Rendered _box_header (0.00002)
Rendered _box_disabled (0.00002)
Rendered _box (0.00070)
Rendered layouts/_flash_message (0.00003)
Rendered layouts/includes/_map_key (0.00002)
Rendered layouts/includes/_header (0.00006)
Rendered layouts/includes/_footer (0.00002)
Rendered _box_includes (0.00017)
Rendered _box_header (0.00002)
Rendered _box_disabled (0.00001)
Rendered _box (0.00073)
Rendered home/_device_summary_header (0.00011)
Rendered home/_group_rows (0.10368)
Rendered layouts/includes/_map_key (0.00002)
Rendered layouts/includes/_header (0.00005)
Rendered layouts/includes/_footer (0.00002)
Rendered _box_includes (0.00019)
Rendered _box_header (0.00003)
Rendered _box_disabled (0.00001)
Rendered _box (0.00074)
Rendered reports/_report_header (0.00291)
Rendered reports/_report_footer (0.00002)
Rendered layouts/includes/_map_key (0.00003)
Rendered layouts/includes/_header (0.00007)
Rendered layouts/_flash_message (0.00002)
Rendered layouts/includes/_footer (0.00002)
Rendered _box_includes (0.00015)
Rendered _box_header (0.00002)
Rendered _box_disabled (0.00001)
Rendered _box (0.00065)
Rendered layouts/_flash_message (0.00002)
Rendered _box_includes (0.00008)
Rendered _box_header (0.00002)
Rendered _box_disabled (0.00001)
Rendered _box (0.00832)
Rendered layouts/_flash_message (0.00003)
Rendered _box_includes (0.00008)
Rendered _box_header (0.00002)
Rendered _box_disabled (0.00001)
Rendered _box (0.00843)
Rendered _box_includes (0.00014)
Rendered _box_header (0.00002)
Rendered _box_disabled (0.00001)
Rendered _box (0.00087)
Rendered home/_device_summary_header (0.00007)
Rendered home/_group_rows (0.13095)
Rendered layouts/includes/_map_key (0.00003)
Rendered layouts/includes/_header (0.00007)
Rendered layouts/includes/_footer (0.00002)
Rendered _box_includes (0.00011)
Rendered _box_header (0.00002)
Rendered _box_disabled (0.00001)
Rendered _box (0.00064)
Rendered home/_device_summary_header (0.00010)
Rendered home/_group_rows (0.09894)
Rendered layouts/includes/_map_key (0.00002)
Rendered layouts/includes/_header (0.00005)
Rendered layouts/includes/_footer (0.00001)
Rendered _box_includes (0.00008)
Rendered _box_header (0.00002)
Rendered _box_disabled (0.00001)
Rendered _box (0.00850)
Rendered _box_includes (0.00010)
Rendered _box_header (0.00004)
Rendered _box_disabled (0.00001)
Rendered _box (0.00064)
Rendered layouts/_flash_message (0.00003)
Rendered _box_includes (0.00012)
Rendered _box_header (0.00002)
Rendered _box_disabled (0.00001)
Rendered _box (0.00068)
Rendered layouts/_flash_message (0.00002)
Rendered _box_includes (0.00011)
Rendered _box_header (0.00002)
Rendered _box_disabled (0.00001)
Rendered _box (0.00072)
Rendered layouts/_flash_message (0.00002)
Rendered _box_includes (0.00008)
Rendered _box_header (0.00002)
Rendered _box_disabled (0.00001)
Rendered _box (0.00827)
Rendered _box_includes (0.00010)
Rendered _box_header (0.00002)
Rendered _box_disabled (0.00001)
Rendered _box (0.00061)
Rendered layouts/_flash_message (0.00003)
Rendered _box_includes (0.00010)
Rendered _box_header (0.00002)
Rendered _box_disabled (0.00001)
Rendered _box (0.00062)
Rendered layouts/_flash_message (0.00002)
Rendered _box_includes (0.00010)
Rendered _box_header (0.00002)
Rendered _box_disabled (0.00001)
Rendered _box (0.00060)
Rendered layouts/_flash_message (0.00011)
Rendered _box_includes (0.00017)
Rendered _box_header (0.00003)
Rendered _box_disabled (0.00001)
Rendered _box (0.00125)
Rendered _box_includes (0.00010)
Rendered _box_header (0.00002)
Rendered _box_disabled (0.00001)
Rendered _box (0.01149)
Rendered home/_device_summary_header (0.00009)
Rendered home/_group_rows (0.15628)
Rendered layouts/includes/_map_key (0.00002)
Rendered layouts/includes/_header (0.00005)
Rendered layouts/includes/_footer (0.00002)
Rendered _box_includes (0.00011)
Rendered _box_header (0.00002)
Rendered _box_disabled (0.00001)
Rendered _box (0.00064)
Rendered _box_includes (0.00013)
Rendered _box_header (0.00002)
Rendered _box_disabled (0.00001)
Rendered _box (0.00079)
Rendered layouts/_flash_message (0.00003)
Rendered _box_includes (0.00011)
Rendered _box_header (0.00002)
Rendered _box_disabled (0.00001)
Rendered _box (0.00068)
Rendered _box_includes (0.00014)
Rendered _box_header (0.00003)
Rendered _box_disabled (0.00002)
Rendered _box (0.01421)
Rendered home/_device_summary_header (0.00006)
Rendered home/_group_rows (0.15332)
Rendered layouts/includes/_map_key (0.00002)
Rendered layouts/includes/_header (0.00008)
Rendered layouts/includes/_footer (0.00002)
Rendered _box_includes (0.00011)
Rendered _box_header (0.00002)
Rendered _box_disabled (0.00001)
Rendered _box (0.00063)
Rendered layouts/_flash_message (0.00003)
Rendered layouts/includes/_map_key (0.00002)
Rendered layouts/includes/_header (0.00006)
Rendered layouts/includes/_footer (0.00002)
Rendered _box_includes (0.00013)
Rendered _box_header (0.00002)
Rendered _box_disabled (0.00001)
Rendered _box (0.00074)
Rendered _box_includes (0.00011)
Rendered _box_header (0.00002)
Rendered _box_disabled (0.00001)
Rendered _box (0.00062)
Rendered layouts/_flash_message (0.00003)
Rendered _box_includes (0.00011)
Rendered _box_header (0.00002)
Rendered _box_disabled (0.00001)
Rendered _box (0.00066)
Rendered _box_includes (0.00009)
Rendered _box_header (0.00003)
Rendered _box_disabled (0.00001)
Rendered _box (0.00932)
Rendered home/_device_summary_header (0.00006)
Rendered home/_group_rows (0.14206)
Rendered layouts/includes/_map_key (0.00002)
Rendered layouts/includes/_header (0.00005)
Rendered layouts/includes/_footer (0.00001)
Rendered _box_includes (0.00010)
Rendered _box_header (0.00002)
Rendered _box_disabled (0.00001)
Rendered _box (0.00061)
Rendered layouts/_flash_message (0.00005)
Rendered layouts/includes/_map_key (0.00003)
Rendered layouts/includes/_header (0.00006)
Rendered layouts/includes/_footer (0.00002)
Rendered _box_includes (0.00012)
Rendered _box_header (0.00002)
Rendered _box_disabled (0.00001)
Rendered _box (0.00064)
Rendered _box_includes (0.00014)
Rendered _box_header (0.00002)
Rendered _box_disabled (0.00001)
Rendered _box (0.00069)
Rendered layouts/_flash_message (0.00003)
Rendered _box_includes (0.00010)
Rendered _box_header (0.00002)
Rendered _box_disabled (0.00001)
Rendered _box (0.00064)
Rendered layouts/_flash_message (0.00005)
Rendered _box_includes (0.00009)
Rendered _box_header (0.00003)
Rendered _box_disabled (0.00002)
Rendered _box (0.01297)
Rendered _box_includes (0.00011)
Rendered _box_header (0.00002)
Rendered _box_disabled (0.00001)
Rendered _box (0.00064)
Rendered home/_device_summary_header (0.00009)
Rendered home/_group_rows (0.14212)
Rendered layouts/includes/_map_key (0.00004)
Rendered layouts/includes/_header (0.00007)
Rendered layouts/includes/_footer (0.00003)
Rendered _box_includes (0.00019)
Rendered _box_header (0.00004)
Rendered _box_disabled (0.00002)
Rendered _box (0.00112)
Rendered reports/_report_header (0.00306)
Rendered reports/_report_footer (0.00002)
Rendered layouts/includes/_map_key (0.00003)
Rendered layouts/includes/_header (0.00006)
Rendered layouts/_flash_message (0.00003)
Rendered layouts/includes/_footer (0.00001)
Rendered _box_includes (0.00011)
Rendered _box_header (0.00002)
Rendered _box_disabled (0.00001)
Rendered _box (0.00068)
Rendered layouts/_flash_message (0.00002)
Rendered _box_includes (0.00011)
Rendered _box_header (0.00002)
Rendered _box_disabled (0.00001)
Rendered _box (0.00062)
Rendered _box_includes (0.00013)
Rendered _box_header (0.00002)
Rendered _box_disabled (0.00001)
Rendered _box (0.00070)
Rendered home/_device_summary_header (0.00007)
Rendered home/_group_rows (0.16659)
Rendered layouts/includes/_map_key (0.00002)
Rendered layouts/includes/_header (0.00009)
Rendered layouts/includes/_footer (0.00001)
Rendered _box_includes (0.00012)
Rendered _box_header (0.00001)
Rendered _box_disabled (0.00001)
Rendered _box (0.00063)
Rendered reports/_report_header (0.00210)
Rendered reports/_report_footer (0.00002)
Rendered layouts/includes/_map_key (0.00002)
Rendered layouts/includes/_header (0.00006)
Rendered layouts/_flash_message (0.00002)
Rendered layouts/includes/_footer (0.00002)
Rendered _box_includes (0.00267)
Rendered _box_header (0.00002)
Rendered _box_disabled (0.00001)
Rendered _box (0.00343)
Rendered reports/_report_header (0.00214)
Rendered reports/_report_footer (0.00002)
Rendered layouts/includes/_map_key (0.00003)
Rendered layouts/includes/_header (0.00007)
Rendered layouts/_flash_message (0.00003)
Rendered layouts/includes/_footer (0.00002)
Rendered _box_includes (0.00019)
Rendered _box_header (0.00002)
Rendered _box_disabled (0.00001)
Rendered _box (0.00105)
Rendered reports/_report_header (0.00283)
Rendered reports/_report_footer (0.00002)
Rendered layouts/includes/_map_key (0.00002)
Rendered layouts/includes/_header (0.00007)
Rendered layouts/_flash_message (0.00002)
Rendered layouts/includes/_footer (0.00001)
Rendered _box_includes (0.00012)
Rendered _box_header (0.00002)
Rendered _box_disabled (0.00001)
Rendered _box (0.00066)
Rendered reports/_report_header (0.00220)
Rendered reports/_report_footer (0.00002)
Rendered layouts/includes/_map_key (0.00002)
Rendered layouts/includes/_header (0.00006)
Rendered layouts/_flash_message (0.00003)
Rendered layouts/includes/_footer (0.00001)
Rendered _box_includes (0.00016)
Rendered _box_header (0.00008)
Rendered _box_disabled (0.00001)
Rendered _box (0.00449)
Rendered reports/_report_header (0.00256)
Rendered reports/_report_footer (0.00002)
Rendered layouts/includes/_map_key (0.00002)
Rendered layouts/includes/_header (0.00006)
Rendered layouts/_flash_message (0.00002)
Rendered layouts/includes/_footer (0.00001)
Rendered _box_includes (0.00012)
Rendered _box_header (0.00002)
Rendered _box_disabled (0.00001)
Rendered _box (0.00065)
Rendered reports/_report_header (0.00215)
Rendered reports/_report_footer (0.00002)
Rendered layouts/includes/_map_key (0.00003)
Rendered layouts/includes/_header (0.00007)
Rendered layouts/_flash_message (0.00002)
Rendered layouts/includes/_footer (0.00001)
Rendered _box_includes (0.00012)
Rendered _box_header (0.00002)
Rendered _box_disabled (0.00001)
Rendered _box (0.00071)
Rendered reports/_report_header (0.00262)
Rendered reports/_report_footer (0.00002)
Rendered layouts/includes/_map_key (0.00002)
Rendered layouts/includes/_header (0.00006)
Rendered layouts/_flash_message (0.00002)
Rendered layouts/includes/_footer (0.00001)
Rendered _box_includes (0.00012)
Rendered _box_header (0.00002)
Rendered _box_disabled (0.00001)
Rendered _box (0.00065)
Rendered reports/_report_header (0.00207)
Rendered reports/_report_footer (0.00002)
Rendered layouts/includes/_map_key (0.00005)
Rendered layouts/includes/_header (0.00007)
Rendered layouts/_flash_message (0.00003)
Rendered layouts/includes/_footer (0.00002)
Rendered _box_includes (0.00016)
Rendered _box_header (0.00002)
Rendered _box_disabled (0.00001)
Rendered _box (0.00089)
Rendered reports/_report_header (0.00388)
Rendered reports/_report_footer (0.00002)
Rendered layouts/includes/_map_key (0.00002)
Rendered layouts/includes/_header (0.00006)
Rendered layouts/_flash_message (0.00003)
Rendered layouts/includes/_footer (0.00002)
Rendered _box_includes (0.00017)
Rendered _box_header (0.00003)
Rendered _box_disabled (0.00002)
Rendered _box (0.00100)
Rendered reports/_report_header (0.00213)
Rendered reports/_report_footer (0.00002)
Rendered layouts/includes/_map_key (0.00002)
Rendered layouts/includes/_header (0.00006)
Rendered layouts/_flash_message (0.00003)
Rendered layouts/includes/_footer (0.00001)
Rendered _box_includes (0.00013)
Rendered _box_header (0.00002)
Rendered _box_disabled (0.00001)
Rendered _box (0.00068)
Rendered reports/_report_header (0.00281)
Rendered reports/_report_footer (0.00002)
Rendered layouts/includes/_map_key (0.00003)
Rendered layouts/includes/_header (0.00006)
Rendered layouts/_flash_message (0.00003)
Rendered layouts/includes/_footer (0.00002)
Rendered _box_includes (0.00015)
Rendered _box_header (0.00002)
Rendered _box_disabled (0.00001)
Rendered _box (0.00092)
Rendered reports/_report_header (0.00277)
Rendered reports/_report_footer (0.00002)
Rendered layouts/includes/_map_key (0.00002)
Rendered layouts/includes/_header (0.00006)
Rendered layouts/_flash_message (0.00002)
Rendered layouts/includes/_footer (0.00001)
Rendered _box_includes (0.00019)
Rendered _box_header (0.00002)
Rendered _box_disabled (0.00001)
Rendered _box (0.00089)
Rendered reports/_report_header (0.00234)
Rendered reports/_report_footer (0.00002)
Rendered layouts/includes/_map_key (0.00003)
Rendered layouts/includes/_header (0.00007)
Rendered layouts/_flash_message (0.00003)
Rendered layouts/includes/_footer (0.00002)
Rendered _box_includes (0.00012)
Rendered _box_header (0.00002)
Rendered _box_disabled (0.00001)
Rendered _box (0.00071)
Rendered reports/_report_header (0.00191)
Rendered reports/_report_footer (0.00002)
Rendered layouts/includes/_map_key (0.00003)
Rendered layouts/includes/_header (0.00007)
Rendered layouts/_flash_message (0.00002)
Rendered layouts/includes/_footer (0.00001)
Rendered _box_includes (0.00012)
Rendered _box_header (0.00002)
Rendered _box_disabled (0.00001)
Rendered _box (0.00065)
Rendered reports/_report_header (0.00192)
Rendered reports/_report_footer (0.00002)
Rendered layouts/includes/_map_key (0.00002)
Rendered layouts/includes/_header (0.00005)
Rendered layouts/_flash_message (0.00004)
Rendered layouts/includes/_footer (0.00001)
Rendered _box_includes (0.00009)
Rendered _box_header (0.00002)
Rendered _box_disabled (0.00001)
Rendered _box (0.00960)
Rendered layouts/_flash_message (0.00002)
Rendered _box_includes (0.00008)
Rendered _box_header (0.00002)
Rendered _box_disabled (0.00001)
Rendered _box (0.00848)
Rendered _box_includes (0.00015)
Rendered _box_header (0.00002)
Rendered _box_disabled (0.00001)
Rendered _box (0.00069)
Rendered home/_device_summary_header (0.00007)
Rendered home/_group_rows (0.10801)
Rendered layouts/includes/_map_key (0.00003)
Rendered layouts/includes/_header (0.00006)
Rendered layouts/includes/_footer (0.00002)
Rendered _box_includes (0.00036)
Rendered _box_header (0.00003)
Rendered _box_disabled (0.00002)
Rendered _box (0.00111)
Rendered layouts/includes/_admin_header (0.00494)
Rendered layouts/includes/_footer (0.00002)
Rendered _box_includes (0.00015)
Rendered _box_header (0.00002)
Rendered _box_disabled (0.00001)
Rendered _box (0.00068)
Rendered layouts/_flash_message (0.00002)
Rendered layouts/includes/_admin_header (0.00666)
Rendered layouts/includes/_footer (0.00002)
Rendered _box_includes (0.00015)
Rendered _box_header (0.00002)
Rendered _box_disabled (0.00001)
Rendered _box (0.00068)
Rendered _box_includes (0.00015)
Rendered _box_header (0.00002)
Rendered _box_disabled (0.00001)
Rendered _box (0.00068)
Rendered _box_includes (0.00015)
Rendered _box_header (0.00002)
Rendered _box_disabled (0.00001)
Rendered _box (0.00075)
Rendered home/_device_summary_header (0.00010)
Rendered home/_group_rows (0.12417)
Rendered layouts/includes/_map_key (0.00002)
Rendered layouts/includes/_header (0.00162)
Rendered layouts/includes/_footer (0.00002)
Rendered _box_includes (0.00016)
Rendered _box_header (0.00002)
Rendered _box_disabled (0.00001)
Rendered _box (0.00075)
Rendered layouts/_flash_message (0.00002)
Rendered admin/accounts/_account_form (0.00187)
Rendered layouts/includes/_admin_header (0.00490)
Rendered layouts/includes/_footer (0.00001)
Rendered _box_includes (0.00015)
Rendered _box_header (0.00002)
Rendered _box_disabled (0.00001)
Rendered _box (0.00067)
Rendered _box_includes (0.00015)
Rendered _box_header (0.00002)
Rendered _box_disabled (0.00001)
Rendered _box (0.00073)
Rendered layouts/_flash_message (0.00003)
Rendered admin/accounts/_account_form (0.00247)
Rendered layouts/includes/_admin_header (0.00480)
Rendered layouts/includes/_footer (0.00001)
Rendered _box_includes (0.00015)
Rendered _box_header (0.00002)
Rendered _box_disabled (0.00001)
Rendered _box (0.00073)
Rendered _box_includes (0.00029)
Rendered _box_header (0.00002)
Rendered _box_disabled (0.00001)
Rendered _box (0.00088)
Rendered layouts/_flash_message (0.00003)
Rendered layouts/includes/_admin_header (0.00466)
Rendered layouts/includes/_footer (0.00002)
Rendered _box_includes (0.00019)
Rendered _box_header (0.00002)
Rendered _box_disabled (0.00001)
Rendered _box (0.00081)
Rendered home/_device_summary_header (0.00007)
Rendered home/_group_rows (0.25569)
Rendered layouts/includes/_map_key (0.00002)
Rendered layouts/includes/_header (0.00006)
Rendered layouts/includes/_footer (0.00002)
Rendered _box_includes (0.00015)
Rendered _box_header (0.00005)
Rendered _box_disabled (0.00001)
Rendered _box (0.00076)
Rendered home/_device_summary_header (0.00007)
Rendered home/_group_rows (0.18033)
Rendered layouts/includes/_map_key (0.00002)
Rendered layouts/includes/_header (0.00006)
Rendered layouts/includes/_footer (0.00003)
Rendered _box_includes (0.00015)
Rendered _box_header (0.00002)
Rendered _box_disabled (0.00001)
Rendered _box (0.00069)
Rendered layouts/_flash_message (0.00003)
Rendered layouts/includes/_map_key (0.00002)
Rendered layouts/includes/_header (0.00007)
Rendered layouts/includes/_footer (0.00001)
Rendered _box_includes (0.00025)
Rendered _box_header (0.00002)
Rendered _box_disabled (0.00001)
Rendered _box (0.00082)
Rendered _box_includes (0.00017)
Rendered _box_header (0.00002)
Rendered _box_disabled (0.00001)
Rendered _box (0.00082)
Rendered reports/_report_header (0.00021)
Rendered reports/_report_footer (0.00003)
Rendered layouts/includes/_map_key (0.00003)
Rendered layouts/includes/_header (0.00010)
Rendered layouts/_flash_message (0.00004)
Rendered layouts/includes/_footer (0.00002)
Rendered _box_includes (0.00021)
Rendered _box_header (0.00003)
Rendered _box_disabled (0.00002)
Rendered _box (0.00118)
Rendered layouts/_flash_message (0.00002)
Rendered layouts/includes/_map_key (0.00003)
Rendered layouts/includes/_header (0.00008)
Rendered layouts/includes/_footer (0.00001)
Rendered _box_includes (0.00017)
Rendered _box_header (0.00002)
Rendered _box_disabled (0.00001)
Rendered _box (0.00072)
Rendered _box_includes (0.00015)
Rendered _box_header (0.00002)
Rendered _box_disabled (0.00001)
Rendered _box (0.00069)
Rendered layouts/_flash_message (0.00004)
Rendered layouts/includes/_map_key (0.00003)
Rendered layouts/includes/_header (0.00006)
Rendered layouts/includes/_footer (0.00002)
Rendered _box_includes (0.00015)
Rendered _box_header (0.00002)
Rendered _box_disabled (0.00001)
Rendered _box (0.00069)
Rendered layouts/_flash_message (0.00003)
Rendered layouts/includes/_map_key (0.00004)
Rendered layouts/includes/_header (0.00016)
Rendered layouts/includes/_footer (0.00003)
Rendered _box_includes (0.00022)
Rendered _box_header (0.00003)
Rendered _box_disabled (0.00002)
Rendered _box (0.00111)
Rendered layouts/_flash_message (0.00003)
Rendered layouts/includes/_map_key (0.00002)
Rendered layouts/includes/_header (0.00006)
Rendered layouts/includes/_footer (0.00001)
Rendered _box_includes (0.00015)
Rendered _box_header (0.00002)
Rendered _box_disabled (0.00001)
Rendered _box (0.00066)
Rendered home/_device_summary_header (0.00009)
Rendered home/_group_rows (0.11088)
Rendered layouts/includes/_map_key (0.00002)
Rendered layouts/includes/_header (0.00006)
Rendered layouts/includes/_footer (0.00002)
Rendered _box_includes (0.00015)
Rendered _box_header (0.00002)
Rendered _box_disabled (0.00001)
Rendered _box (0.00066)
Rendered home/_device_summary_header (0.00007)
Rendered home/_group_rows (0.13136)
Rendered layouts/includes/_map_key (0.00002)
Rendered layouts/includes/_header (0.00006)
Rendered layouts/includes/_footer (0.00002)
Rendered _box_includes (0.00015)
Rendered _box_header (0.00002)
Rendered _box_disabled (0.00001)
Rendered _box (0.00067)
Rendered layouts/_flash_message (0.00003)
Rendered layouts/includes/_map_key (0.00002)
Rendered layouts/includes/_header (0.00006)
Rendered layouts/includes/_footer (0.00001)
Rendered _box_includes (0.00015)
Rendered _box_header (0.00002)
Rendered _box_disabled (0.00001)
Rendered _box (0.00065)
Rendered layouts/_flash_message (0.00004)
Rendered layouts/includes/_map_key (0.00003)
Rendered layouts/includes/_header (0.00008)
Rendered layouts/includes/_footer (0.00002)
Rendered _box_includes (0.00016)
Rendered _box_header (0.00002)
Rendered _box_disabled (0.00001)
Rendered _box (0.00074)
Rendered layouts/_flash_message (0.00002)
Rendered layouts/includes/_map_key (0.00002)
Rendered layouts/includes/_header (0.00006)
Rendered layouts/includes/_footer (0.00001)
Rendered _box_includes (0.00015)
Rendered _box_header (0.00002)
Rendered _box_disabled (0.00001)
Rendered _box (0.00066)
Rendered _box_includes (0.00021)
Rendered _box_header (0.00003)
Rendered _box_disabled (0.00002)
Rendered _box (0.00108)
Rendered reports/_report_header (0.00023)
Rendered reports/_report_footer (0.00002)
Rendered layouts/includes/_map_key (0.00016)
Rendered layouts/includes/_header (0.00008)
Rendered layouts/_flash_message (0.00002)
Rendered layouts/includes/_footer (0.00002)
Rendered _box_includes (0.00016)
Rendered _box_header (0.00002)
Rendered _box_disabled (0.00001)
Rendered _box (0.00070)
Rendered layouts/_flash_message (0.00002)
Rendered _box_includes (0.00009)
Rendered _box_header (0.00002)
Rendered _box_disabled (0.00001)
Rendered _box (0.00891)
Rendered _box_includes (0.00015)
Rendered _box_header (0.00002)
Rendered _box_disabled (0.00001)
Rendered _box (0.00081)
Rendered layouts/_flash_message (0.00003)
Rendered _box_includes (0.00012)
Rendered _box_header (0.00002)
Rendered _box_disabled (0.00001)
Rendered _box (0.00063)
Rendered _box_includes (0.00019)
Rendered _box_header (0.00003)
Rendered _box_disabled (0.00001)
Rendered _box (0.00108)
Rendered home/_device_summary_header (0.00006)
Rendered home/_group_rows (0.11948)
Rendered layouts/includes/_map_key (0.00002)
Rendered layouts/includes/_header (0.00005)
Rendered layouts/includes/_footer (0.00001)
Rendered _box_includes (0.00013)
Rendered _box_header (0.00002)
Rendered _box_disabled (0.00001)
Rendered _box (0.00067)
Rendered layouts/includes/_admin_header (0.00502)
Rendered layouts/includes/_footer (0.00002)
Rendered _box_includes (0.00012)
Rendered _box_header (0.00002)
Rendered _box_disabled (0.00001)
Rendered _box (0.00067)
Rendered layouts/_flash_message (0.00003)
Rendered layouts/includes/_admin_header (0.06745)
Rendered layouts/includes/_footer (0.00002)
Rendered _box_includes (0.00013)
Rendered _box_header (0.00002)
Rendered _box_disabled (0.00001)
Rendered _box (0.00067)
Rendered layouts/_flash_message (0.00005)
Rendered admin/device_profiles/_device_profile_form (0.00200)
Rendered layouts/includes/_admin_header (0.00513)
Rendered layouts/includes/_footer (0.00002)
Rendered _box_includes (0.00012)
Rendered _box_header (0.00002)
Rendered _box_disabled (0.00001)
Rendered _box (0.00070)
Rendered layouts/_flash_message (0.00003)
Rendered layouts/includes/_admin_header (0.00007)
Rendered layouts/includes/_footer (0.00001)
Rendered _box_includes (0.00012)
Rendered _box_header (0.00002)
Rendered _box_disabled (0.00001)
Rendered _box (0.00066)
Rendered layouts/_flash_message (0.00004)
Rendered admin/devices/_device_form (0.02560)
Rendered layouts/includes/_admin_header (0.00026)
Rendered layouts/includes/_footer (0.00002)
Rendered _box_includes (0.00017)
Rendered _box_header (0.00019)
Rendered _box_disabled (0.00002)
Rendered _box (0.00454)
Rendered layouts/_flash_message (0.00002)
Rendered _box_includes (0.00015)
Rendered _box_header (0.00002)
Rendered _box_disabled (0.00001)
Rendered _box (0.00067)
Rendered _box_includes (0.00013)
Rendered _box_header (0.00002)
Rendered _box_disabled (0.00001)
Rendered _box (0.00065)
Rendered home/_device_summary_header (0.00009)
Rendered home/_group_rows (0.10648)
Rendered layouts/includes/_map_key (0.00003)
Rendered layouts/includes/_header (0.00007)
Rendered layouts/includes/_footer (0.00002)
Rendered _box_includes (0.00018)
Rendered _box_header (0.00002)
Rendered _box_disabled (0.00001)
Rendered _box (0.00094)
Rendered layouts/_flash_message (0.00003)
Rendered layouts/includes/_map_key (0.00004)
Rendered layouts/includes/_header (0.00012)
Rendered layouts/includes/_footer (0.00001)
Rendered _box_includes (0.00012)
Rendered _box_header (0.00002)
Rendered _box_disabled (0.00001)
Rendered _box (0.00069)
Rendered reports/_report_header (0.00244)
Rendered reports/_event_display (0.00015)
Rendered reports/_event_display (0.00012)
Rendered reports/_report_footer (0.00003)
Rendered layouts/includes/_map_key (0.00003)
Rendered layouts/includes/_header (0.00008)
Rendered layouts/_flash_message (0.00002)
Rendered layouts/includes/_footer (0.00001)
Rendered _box_includes (0.00012)
Rendered _box_header (0.00002)
Rendered _box_disabled (0.00001)
Rendered _box (0.00069)
Rendered layouts/_flash_message (0.00002)
Rendered layouts/includes/_admin_header (0.00527)
Rendered layouts/includes/_footer (0.00001)
Rendered _box_includes (0.00012)
Rendered _box_header (0.00002)
Rendered _box_disabled (0.00001)
Rendered _box (0.00067)
Rendered layouts/_flash_message (0.00003)
Rendered admin/device_profiles/_device_profile_form (0.00350)
Rendered layouts/includes/_admin_header (0.00747)
Rendered layouts/includes/_footer (0.00005)
Rendered _box_includes (0.00016)
Rendered _box_header (0.00002)
Rendered _box_disabled (0.00001)
Rendered _box (0.00068)
Rendered home/_device_summary_header (0.00023)
Rendered home/_group_rows (0.09712)
Rendered layouts/includes/_map_key (0.00003)
Rendered layouts/includes/_header (0.00006)
Rendered layouts/includes/_footer (0.00001)
Rendered _box_includes (0.00012)
Rendered _box_header (0.00002)
Rendered _box_disabled (0.00001)
Rendered _box (0.00068)
Rendered reports/_report_header (0.00270)
Rendered reports/_report_footer (0.00002)
Rendered layouts/includes/_map_key (0.00002)
Rendered layouts/includes/_header (0.00009)
Rendered layouts/_flash_message (0.00002)
Rendered layouts/includes/_footer (0.00001)
Rendered _box_includes (0.00013)
Rendered _box_header (0.00002)
Rendered _box_disabled (0.00001)
Rendered _box (0.00067)
Rendered layouts/_flash_message (0.00002)
Rendered layouts/includes/_admin_header (0.00497)
Rendered layouts/includes/_footer (0.00001)
Rendered _box_includes (0.00012)
Rendered _box_header (0.00002)
Rendered _box_disabled (0.00001)
Rendered _box (0.00073)
Rendered _box_includes (0.00013)
Rendered _box_header (0.00002)
Rendered _box_disabled (0.00001)
Rendered _box (0.01785)
Rendered _box_includes (0.00012)
Rendered _box_header (0.00003)
Rendered _box_disabled (0.00001)
Rendered _box (0.00086)
Rendered layouts/_flash_message (0.00005)
Rendered _box_includes (0.00008)
Rendered _box_header (0.00002)
Rendered _box_disabled (0.00001)
Rendered _box (0.00912)
Rendered _box_includes (0.00008)
Rendered _box_header (0.00002)
Rendered _box_disabled (0.00001)
Rendered _box (0.00059)
Rendered home/_device_summary_header (0.00008)
Rendered home/_group_rows (0.09961)
Rendered layouts/includes/_map_key (0.00004)
Rendered layouts/includes/_header (0.00007)
Rendered layouts/includes/_footer (0.00002)
Rendered _box_includes (0.00009)
Rendered _box_header (0.00002)
Rendered _box_disabled (0.00001)
Rendered _box (0.00063)
Rendered layouts/includes/_admin_header (0.01740)
Rendered layouts/includes/_footer (0.00002)
Rendered _box_includes (0.00014)
Rendered _box_header (0.00003)
Rendered _box_disabled (0.00002)
Rendered _box (0.00098)
Rendered layouts/_flash_message (0.00010)
Rendered layouts/includes/_admin_header (0.00008)
Rendered layouts/includes/_footer (0.00001)
Rendered _box_includes (0.00009)
Rendered _box_header (0.00008)
Rendered _box_disabled (0.00001)
Rendered _box (0.00070)
Rendered layouts/_flash_message (0.00002)
Rendered layouts/includes/_admin_header (0.00008)
Rendered layouts/includes/_footer (0.00002)
Rendered _box_includes (0.00009)
Rendered _box_header (0.00002)
Rendered _box_disabled (0.00001)
Rendered _box (0.00064)
Rendered layouts/includes/_admin_header (0.00624)
Rendered layouts/includes/_footer (0.00002)
Rendered _box_includes (0.00011)
Rendered _box_header (0.00002)
Rendered _box_disabled (0.00001)
Rendered _box (0.00072)
Rendered home/_device_summary_header (0.00010)
Rendered home/_group_rows (0.10590)
Rendered layouts/includes/_map_key (0.00002)
Rendered layouts/includes/_header (0.00006)
Rendered layouts/includes/_footer (0.00001)
Rendered _box_includes (0.00008)
Rendered _box_header (0.00002)
Rendered _box_disabled (0.00001)
Rendered _box (0.00058)
Rendered reports/_report_header (0.00241)
Rendered reports/_report_footer (0.00006)
Rendered layouts/includes/_map_key (0.00003)
Rendered layouts/includes/_header (0.00008)
Rendered layouts/_flash_message (0.00002)
Rendered layouts/includes/_footer (0.00001)
Rendered _box_includes (0.00009)
Rendered _box_header (0.00002)
Rendered _box_disabled (0.00001)
Rendered _box (0.00061)
Rendered reports/_report_header (0.00201)
Rendered reports/_event_display (0.00926)
Rendered reports/_report_footer (0.00002)
Rendered layouts/includes/_map_key (0.00002)
Rendered layouts/includes/_header (0.00006)
Rendered layouts/_flash_message (0.00002)
Rendered layouts/includes/_footer (0.00001)
Rendered _box_includes (0.00008)
Rendered _box_header (0.00002)
Rendered _box_disabled (0.00001)
Rendered _box (0.00062)
Rendered reports/_report_header (0.00291)
Rendered reports/_report_footer (0.00002)
Rendered layouts/includes/_map_key (0.00003)
Rendered layouts/includes/_header (0.00008)
Rendered layouts/_flash_message (0.00002)
Rendered layouts/includes/_footer (0.00002)
Rendered _box_includes (0.00011)
Rendered _box_header (0.00002)
Rendered _box_disabled (0.00001)
Rendered _box (0.00080)
Rendered reports/_report_header (0.00299)
Rendered reports/_event_display (0.00008)
Rendered reports/_event_display (0.00011)
Rendered reports/_report_footer (0.00002)
Rendered layouts/includes/_map_key (0.00002)
Rendered layouts/includes/_header (0.00006)
Rendered layouts/_flash_message (0.00002)
Rendered layouts/includes/_footer (0.00001)
Rendered _box_includes (0.00008)
Rendered _box_header (0.00002)
Rendered _box_disabled (0.00002)
Rendered _box (0.00060)
